<?xml version="1.0" encoding="UTF-8"?>
<!-- Generated by org.testng.reporters.JUnitReportReporter -->
<testsuite skipped="4" hostname="Admin" name="org.sync.qa.testcases.LoginPageTest" tests="5" failures="0" timestamp="09 Jul 2021 10:49:50 GMT" time="25.953" errors="1">
  <testcase name="verifyLoginPageLogo" time="0.000" classname="org.sync.qa.testcases.LoginPageTest">
    <skipped/>
  </testcase> <!-- verifyLoginPageLogo -->
  <testcase name="setUp" time="25.953" classname="org.sync.qa.testcases.LoginPageTest">
    <error type="com.fasterxml.jackson.databind.exc.InvalidDefinitionException" message="Cannot construct instance of `org.sync.qa.pojo.Root` (no Creators, like default constructor, exist): cannot deserialize from Object value (no delegate- or property-based Creator)
 at [Source: (File); line: 2, column: 2]">
      <![CDATA[com.fasterxml.jackson.databind.exc.InvalidDefinitionException: Cannot construct instance of `org.sync.qa.pojo.Root` (no Creators, like default constructor, exist): cannot deserialize from Object value (no delegate- or property-based Creator)
 at [Source: (File); line: 2, column: 2]
at com.fasterxml.jackson.databind.exc.InvalidDefinitionException.from(InvalidDefinitionException.java:67)
at com.fasterxml.jackson.databind.DeserializationContext.reportBadDefinition(DeserializationContext.java:1764)
at com.fasterxml.jackson.databind.DatabindContext.reportBadDefinition(DatabindContext.java:400)
at com.fasterxml.jackson.databind.DeserializationContext.handleMissingInstantiator(DeserializationContext.java:1209)
at com.fasterxml.jackson.databind.deser.BeanDeserializerBase.deserializeFromObjectUsingNonDefault(BeanDeserializerBase.java:1415)
at com.fasterxml.jackson.databind.deser.BeanDeserializer.deserializeFromObject(BeanDeserializer.java:362)
at com.fasterxml.jackson.databind.deser.BeanDeserializer.deserialize(BeanDeserializer.java:195)
at com.fasterxml.jackson.databind.deser.DefaultDeserializationContext.readRootValue(DefaultDeserializationContext.java:322)
at com.fasterxml.jackson.databind.ObjectMapper._readMapAndClose(ObjectMapper.java:4593)
at com.fasterxml.jackson.databind.ObjectMapper.readValue(ObjectMapper.java:3413)
at org.sync.qa.utilities.CredentialJsonReader.setRoot(CredentialJsonReader.java:22)
at org.sync.qa.testcases.LoginPageTest.setUp(LoginPageTest.java:60)
at sun.reflect.NativeMethodAccessorImpl.invoke0(Native Method)
at sun.reflect.NativeMethodAccessorImpl.invoke(NativeMethodAccessorImpl.java:62)
at sun.reflect.DelegatingMethodAccessorImpl.invoke(DelegatingMethodAccessorImpl.java:43)
at java.lang.reflect.Method.invoke(Method.java:498)
at org.testng.internal.MethodInvocationHelper.invokeMethod(MethodInvocationHelper.java:124)
at org.testng.internal.MethodInvocationHelper.invokeMethodConsideringTimeout(MethodInvocationHelper.java:59)
at org.testng.internal.Invoker.invokeConfigurationMethod(Invoker.java:458)
at org.testng.internal.Invoker.invokeConfigurations(Invoker.java:222)
at org.testng.internal.Invoker.invokeMethod(Invoker.java:523)
at org.testng.internal.Invoker.invokeTestMethod(Invoker.java:719)
at org.testng.internal.Invoker.invokeTestMethods(Invoker.java:989)
at org.testng.internal.TestMethodWorker.invokeTestMethods(TestMethodWorker.java:125)
at org.testng.internal.TestMethodWorker.run(TestMethodWorker.java:109)
at java.util.concurrent.ThreadPoolExecutor.runWorker(ThreadPoolExecutor.java:1142)
at java.util.concurrent.ThreadPoolExecutor$Worker.run(ThreadPoolExecutor.java:617)
at java.lang.Thread.run(Thread.java:745)
]]>
    </error>
  </testcase> <!-- setUp -->
  <testcase name="verifyValidLogin" time="0.000" classname="org.sync.qa.testcases.LoginPageTest">
    <skipped/>
  </testcase> <!-- verifyValidLogin -->
  <testcase name="verifyInvalidLogin" time="0.000" classname="org.sync.qa.testcases.LoginPageTest">
    <skipped/>
  </testcase> <!-- verifyInvalidLogin -->
  <testcase name="verifyForgotPasswordLink" time="0.000" classname="org.sync.qa.testcases.LoginPageTest">
    <skipped/>
  </testcase> <!-- verifyForgotPasswordLink -->
</testsuite> <!-- org.sync.qa.testcases.LoginPageTest -->
