<?xml version="1.0" encoding="UTF-8"?>
<!-- Generated by org.testng.reporters.JUnitReportReporter -->
<testsuite skipped="0" hostname="Admin" name="org.sync.qa.testcases.LandingPageTest" tests="3" failures="0" timestamp="2021-06-19T21:19:49 IST" time="96.578" errors="0">
  <testcase name="verifyPrimaryLinksExistence" time="25.627" classname="org.sync.qa.testcases.LandingPageTest"/>
  <system-out/>
  <testcase name="verifyRegisterLink" time="42.165" classname="org.sync.qa.testcases.LandingPageTest"/>
  <system-out/>
  <testcase name="verifyLoginLink" time="28.786" classname="org.sync.qa.testcases.LandingPageTest"/>
  <system-out/>
</testsuite> <!-- org.sync.qa.testcases.LandingPageTest -->
